2022-06-02 21:44:33.846  INFO 25052 --- [main] com.demo.Ex5.W3.Application              : Starting Application using Java 18.0.1.1 on LAPTOP-SNV2G7FH with PID 25052 (C:\Users\ashwa\Downloads\demo.Ex5.W3\demo.Ex5.W3\target\classes started by ashwa in C:\Users\ashwa\Downloads\demo.Ex5.W3)
2022-06-02 21:44:33.846  INFO 25052 --- [main] com.demo.Ex5.W3.Application              : No active profile set, falling back to 1 default profile: "default"
2022-06-02 21:44:34.212  INFO 25052 --- [main] .s.d.r.c.RepositoryConfigurationDelegate : Bootstrapping Spring Data JPA repositories in DEFAULT mode.
2022-06-02 21:44:34.243  INFO 25052 --- [main] .s.d.r.c.RepositoryConfigurationDelegate : Finished Spring Data repository scanning in 30 ms. Found 3 JPA repository interfaces.
2022-06-02 21:44:34.525  INFO 25052 --- [main] o.s.b.w.embedded.tomcat.TomcatWebServer  : Tomcat initialized with port(s): 8080 (http)
2022-06-02 21:44:34.525  INFO 25052 --- [main] o.apache.catalina.core.StandardService   : Starting service [Tomcat]
2022-06-02 21:44:34.525  INFO 25052 --- [main] org.apache.catalina.core.StandardEngine  : Starting Servlet engine: [Apache Tomcat/9.0.63]
2022-06-02 21:44:34.603  INFO 25052 --- [main] o.a.c.c.C.[Tomcat].[localhost].[/]       : Initializing Spring embedded WebApplicationContext
2022-06-02 21:44:34.603  INFO 25052 --- [main] w.s.c.ServletWebServerApplicationContext : Root WebApplicationContext: initialization completed in 725 ms
2022-06-02 21:44:34.682  INFO 25052 --- [main] o.hibernate.jpa.internal.util.LogHelper  : HHH000204: Processing PersistenceUnitInfo [name: default]
2022-06-02 21:44:34.713  INFO 25052 --- [main] org.hibernate.Version                    : HHH000412: Hibernate ORM core version 5.6.9.Final
2022-06-02 21:44:34.776  INFO 25052 --- [main] o.hibernate.annotations.common.Version   : HCANN000001: Hibernate Commons Annotations {5.1.2.Final}
2022-06-02 21:44:34.823  INFO 25052 --- [main] com.zaxxer.hikari.HikariDataSource       : HikariPool-1 - Starting...
2022-06-02 21:44:34.902  INFO 25052 --- [main] com.zaxxer.hikari.HikariDataSource       : HikariPool-1 - Start completed.
2022-06-02 21:44:34.902  INFO 25052 --- [main] org.hibernate.dialect.Dialect            : HHH000400: Using dialect: org.hibernate.dialect.MySQL5InnoDBDialect
2022-06-02 21:44:35.309  INFO 25052 --- [main] o.h.e.t.j.p.i.JtaPlatformInitiator       : HHH000490: Using JtaPlatform implementation: [org.hibernate.engine.transaction.jta.platform.internal.NoJtaPlatform]
2022-06-02 21:44:35.309  INFO 25052 --- [main] j.LocalContainerEntityManagerFactoryBean : Initialized JPA EntityManagerFactory for persistence unit 'default'
2022-06-02 21:44:35.490  WARN 25052 --- [main] JpaBaseConfiguration$JpaWebConfiguration : spring.jpa.open-in-view is enabled by default. Therefore, database queries may be performed during view rendering. Explicitly configure spring.jpa.open-in-view to disable this warning
2022-06-02 21:44:35.670  INFO 25052 --- [main] o.s.b.w.embedded.tomcat.TomcatWebServer  : Tomcat started on port(s): 8080 (http) with context path ''
2022-06-02 21:44:35.670  INFO 25052 --- [main] com.demo.Ex5.W3.Application              : Started Application in 2.081 seconds (JVM running for 2.51)
